[0.146s] DEBUG:colcon:Command line arguments: ['/usr/bin/colcon', 'build', '--packages-select', 'px4_ros_com']
[0.146s] DEBUG:colcon:Parsed command line arguments: Namespace(log_base=None, log_level=None, verb_name='build', build_base='build', install_base='install', merge_install=False, symlink_install=False, test_result_base=None, continue_on_error=False, executor='parallel', parallel_workers=8, event_handlers=None, ignore_user_meta=False, metas=['./colcon.meta'], base_paths=['.'], packages_ignore=None, packages_ignore_regex=None, paths=None, packages_up_to=None, packages_up_to_regex=None, packages_above=None, packages_above_and_dependencies=None, packages_above_depth=None, packages_select_by_dep=None, packages_skip_by_dep=None, packages_skip_up_to=None, packages_select_build_failed=False, packages_skip_build_finished=False, packages_select_test_failures=False, packages_skip_test_passed=False, packages_select=['px4_ros_com'], packages_skip=None, packages_select_regex=None, packages_skip_regex=None, packages_start=None, packages_end=None, cmake_args=None, cmake_target=None, cmake_target_skip_unavailable=False, cmake_clean_cache=False, cmake_clean_first=False, cmake_force_configure=False, ament_cmake_args=None, catkin_cmake_args=None, catkin_skip_building_tests=False, mixin_files=None, mixin=None, verb_parser=<colcon_mixin.mixin.mixin_argument.MixinArgumentDecorator object at 0x7fb2bb6e90>, verb_extension=<colcon_core.verb.build.BuildVerb object at 0x7fb2d70430>, main=<bound method BuildVerb.main of <colcon_core.verb.build.BuildVerb object at 0x7fb2d70430>>, mixin_verb=('build',))
[0.200s] Level 1:colcon.colcon_core.package_discovery:discover_packages(colcon_meta) check parameters
[0.200s] Level 1:colcon.colcon_core.package_discovery:discover_packages(recursive) check parameters
[0.200s] Level 1:colcon.colcon_core.package_discovery:discover_packages(ignore) check parameters
[0.200s] Level 1:colcon.colcon_core.package_discovery:discover_packages(path) check parameters
[0.200s] Level 1:colcon.colcon_core.package_discovery:discover_packages(colcon_meta) discover
[0.200s] Level 1:colcon.colcon_core.package_discovery:discover_packages(recursive) discover
[0.200s] INFO:colcon.colcon_core.package_discovery:Crawling recursively for packages in '/home/orangepi/ros_ws/src'
[0.201s] Level 1:colcon.colcon_core.package_identification:_identify(.) by extensions ['ignore', 'ignore_ament_install']
[0.201s] Level 1:colcon.colcon_core.package_identification:_identify(.) by extension 'ignore'
[0.201s] Level 1:colcon.colcon_core.package_identification:_identify(.) by extension 'ignore_ament_install'
[0.201s] Level 1:colcon.colcon_core.package_identification:_identify(.) by extensions ['colcon_pkg']
[0.201s] Level 1:colcon.colcon_core.package_identification:_identify(.) by extension 'colcon_pkg'
[0.201s] Level 1:colcon.colcon_core.package_identification:_identify(.) by extensions ['colcon_meta']
[0.201s] Level 1:colcon.colcon_core.package_identification:_identify(.) by extension 'colcon_meta'
[0.201s] Level 1:colcon.colcon_core.package_identification:_identify(.) by extensions ['ros']
[0.201s] Level 1:colcon.colcon_core.package_identification:_identify(.) by extension 'ros'
[0.224s] Level 1:colcon.colcon_core.package_identification:_identify(.) by extensions ['cmake', 'python']
[0.224s] Level 1:colcon.colcon_core.package_identification:_identify(.) by extension 'cmake'
[0.224s] Level 1:colcon.colcon_core.package_identification:_identify(.) by extension 'python'
[0.224s] Level 1:colcon.colcon_core.package_identification:_identify(.) by extensions ['python_setup_py']
[0.224s] Level 1:colcon.colcon_core.package_identification:_identify(.) by extension 'python_setup_py'
[0.225s] Level 1:colcon.colcon_core.package_identification:_identify(build) by extensions ['ignore', 'ignore_ament_install']
[0.225s] Level 1:colcon.colcon_core.package_identification:_identify(build) by extension 'ignore'
[0.225s] Level 1:colcon.colcon_core.package_identification:_identify(build) ignored
[0.225s] Level 1:colcon.colcon_core.package_identification:_identify(install) by extensions ['ignore', 'ignore_ament_install']
[0.225s] Level 1:colcon.colcon_core.package_identification:_identify(install) by extension 'ignore'
[0.225s] Level 1:colcon.colcon_core.package_identification:_identify(install) ignored
[0.225s] Level 1:colcon.colcon_core.package_identification:_identify(log) by extensions ['ignore', 'ignore_ament_install']
[0.225s] Level 1:colcon.colcon_core.package_identification:_identify(log) by extension 'ignore'
[0.225s] Level 1:colcon.colcon_core.package_identification:_identify(log) ignored
[0.226s] Level 1:colcon.colcon_core.package_identification:_identify(oradar_ros) by extensions ['ignore', 'ignore_ament_install']
[0.226s] Level 1:colcon.colcon_core.package_identification:_identify(oradar_ros) by extension 'ignore'
[0.226s] Level 1:colcon.colcon_core.package_identification:_identify(oradar_ros) by extension 'ignore_ament_install'
[0.226s] Level 1:colcon.colcon_core.package_identification:_identify(oradar_ros) by extensions ['colcon_pkg']
[0.226s] Level 1:colcon.colcon_core.package_identification:_identify(oradar_ros) by extension 'colcon_pkg'
[0.226s] Level 1:colcon.colcon_core.package_identification:_identify(oradar_ros) by extensions ['colcon_meta']
[0.226s] Level 1:colcon.colcon_core.package_identification:_identify(oradar_ros) by extension 'colcon_meta'
[0.226s] Level 1:colcon.colcon_core.package_identification:_identify(oradar_ros) by extensions ['ros']
[0.226s] Level 1:colcon.colcon_core.package_identification:_identify(oradar_ros) by extension 'ros'
[0.229s] DEBUG:colcon.colcon_core.package_identification:Package 'oradar_ros' with type 'ros.ament_cmake' and name 'oradar_lidar'
[0.230s] Level 1:colcon.colcon_core.package_identification:_identify(px4_msgs) by extensions ['ignore', 'ignore_ament_install']
[0.230s] Level 1:colcon.colcon_core.package_identification:_identify(px4_msgs) by extension 'ignore'
[0.230s] Level 1:colcon.colcon_core.package_identification:_identify(px4_msgs) by extension 'ignore_ament_install'
[0.230s] Level 1:colcon.colcon_core.package_identification:_identify(px4_msgs) by extensions ['colcon_pkg']
[0.230s] Level 1:colcon.colcon_core.package_identification:_identify(px4_msgs) by extension 'colcon_pkg'
[0.230s] Level 1:colcon.colcon_core.package_identification:_identify(px4_msgs) by extensions ['colcon_meta']
[0.230s] Level 1:colcon.colcon_core.package_identification:_identify(px4_msgs) by extension 'colcon_meta'
[0.230s] Level 1:colcon.colcon_core.package_identification:_identify(px4_msgs) by extensions ['ros']
[0.230s] Level 1:colcon.colcon_core.package_identification:_identify(px4_msgs) by extension 'ros'
[0.231s] DEBUG:colcon.colcon_core.package_identification:Package 'px4_msgs' with type 'ros.ament_cmake' and name 'px4_msgs'
[0.231s] Level 1:colcon.colcon_core.package_identification:_identify(px4_ros_com) by extensions ['ignore', 'ignore_ament_install']
[0.231s] Level 1:colcon.colcon_core.package_identification:_identify(px4_ros_com) by extension 'ignore'
[0.231s] Level 1:colcon.colcon_core.package_identification:_identify(px4_ros_com) by extension 'ignore_ament_install'
[0.231s] Level 1:colcon.colcon_core.package_identification:_identify(px4_ros_com) by extensions ['colcon_pkg']
[0.231s] Level 1:colcon.colcon_core.package_identification:_identify(px4_ros_com) by extension 'colcon_pkg'
[0.231s] Level 1:colcon.colcon_core.package_identification:_identify(px4_ros_com) by extensions ['colcon_meta']
[0.232s] Level 1:colcon.colcon_core.package_identification:_identify(px4_ros_com) by extension 'colcon_meta'
[0.232s] Level 1:colcon.colcon_core.package_identification:_identify(px4_ros_com) by extensions ['ros']
[0.232s] Level 1:colcon.colcon_core.package_identification:_identify(px4_ros_com) by extension 'ros'
[0.233s] DEBUG:colcon.colcon_core.package_identification:Package 'px4_ros_com' with type 'ros.ament_cmake' and name 'px4_ros_com'
[0.233s] Level 1:colcon.colcon_core.package_identification:_identify(slam_cartographer) by extensions ['ignore', 'ignore_ament_install']
[0.233s] Level 1:colcon.colcon_core.package_identification:_identify(slam_cartographer) by extension 'ignore'
[0.233s] Level 1:colcon.colcon_core.package_identification:_identify(slam_cartographer) by extension 'ignore_ament_install'
[0.234s] Level 1:colcon.colcon_core.package_identification:_identify(slam_cartographer) by extensions ['colcon_pkg']
[0.234s] Level 1:colcon.colcon_core.package_identification:_identify(slam_cartographer) by extension 'colcon_pkg'
[0.234s] Level 1:colcon.colcon_core.package_identification:_identify(slam_cartographer) by extensions ['colcon_meta']
[0.234s] Level 1:colcon.colcon_core.package_identification:_identify(slam_cartographer) by extension 'colcon_meta'
[0.234s] Level 1:colcon.colcon_core.package_identification:_identify(slam_cartographer) by extensions ['ros']
[0.234s] Level 1:colcon.colcon_core.package_identification:_identify(slam_cartographer) by extension 'ros'
[0.234s] DEBUG:colcon.colcon_core.package_identification:Package 'slam_cartographer' with type 'ros.ament_cmake' and name 'slam_cartographer'
[0.234s] Level 1:colcon.colcon_core.package_discovery:discover_packages(recursive) using defaults
[0.234s] Level 1:colcon.colcon_core.package_discovery:discover_packages(ignore) discover
[0.234s] Level 1:colcon.colcon_core.package_discovery:discover_packages(ignore) using defaults
[0.235s] Level 1:colcon.colcon_core.package_discovery:discover_packages(path) discover
[0.235s] Level 1:colcon.colcon_core.package_discovery:discover_packages(path) using defaults
[0.262s] INFO:colcon.colcon_core.package_selection:Skipping not selected package 'oradar_lidar' in 'oradar_ros'
[0.262s] INFO:colcon.colcon_core.package_selection:Skipping not selected package 'px4_msgs' in 'px4_msgs'
[0.262s] INFO:colcon.colcon_core.package_selection:Skipping not selected package 'slam_cartographer' in 'slam_cartographer'
[0.263s] Level 5:colcon.colcon_core.verb:set package 'px4_ros_com' build argument 'cmake_args' from command line to 'None'
[0.263s] Level 5:colcon.colcon_core.verb:set package 'px4_ros_com' build argument 'cmake_target' from command line to 'None'
[0.263s] Level 5:colcon.colcon_core.verb:set package 'px4_ros_com' build argument 'cmake_target_skip_unavailable' from command line to 'False'
[0.263s] Level 5:colcon.colcon_core.verb:set package 'px4_ros_com' build argument 'cmake_clean_cache' from command line to 'False'
[0.263s] Level 5:colcon.colcon_core.verb:set package 'px4_ros_com' build argument 'cmake_clean_first' from command line to 'False'
[0.263s] Level 5:colcon.colcon_core.verb:set package 'px4_ros_com' build argument 'cmake_force_configure' from command line to 'False'
[0.263s] Level 5:colcon.colcon_core.verb:set package 'px4_ros_com' build argument 'ament_cmake_args' from command line to 'None'
[0.263s] Level 5:colcon.colcon_core.verb:set package 'px4_ros_com' build argument 'catkin_cmake_args' from command line to 'None'
[0.263s] Level 5:colcon.colcon_core.verb:set package 'px4_ros_com' build argument 'catkin_skip_building_tests' from command line to 'False'
[0.263s] DEBUG:colcon.colcon_core.verb:Building package 'px4_ros_com' with the following arguments: {'ament_cmake_args': None, 'build_base': '/home/orangepi/ros_ws/src/build/px4_ros_com', 'catkin_cmake_args': None, 'catkin_skip_building_tests': False, 'cmake_args': None, 'cmake_clean_cache': False, 'cmake_clean_first': False, 'cmake_force_configure': False, 'cmake_target': None, 'cmake_target_skip_unavailable': False, 'install_base': '/home/orangepi/ros_ws/src/install/px4_ros_com', 'merge_install': False, 'path': '/home/orangepi/ros_ws/src/px4_ros_com', 'symlink_install': False, 'test_result_base': None}
[0.263s] INFO:colcon.colcon_core.executor:Executing jobs using 'parallel' executor
[0.265s] DEBUG:colcon.colcon_parallel_executor.executor.parallel:run_until_complete
[0.265s] INFO:colcon.colcon_ros.task.ament_cmake.build:Building ROS package in '/home/orangepi/ros_ws/src/px4_ros_com' with build type 'ament_cmake'
[0.265s] INFO:colcon.colcon_cmake.task.cmake.build:Building CMake package in '/home/orangepi/ros_ws/src/px4_ros_com'
[0.270s] INFO:colcon.colcon_core.plugin_system:Skipping extension 'colcon_core.shell.bat': Not used on non-Windows systems
[0.270s] INFO:colcon.colcon_core.shell:Skip shell extension 'powershell' for command environment: Not usable outside of PowerShell
[0.270s] DEBUG:colcon.colcon_core.shell:Skip shell extension 'dsv' for command environment
[0.296s] DEBUG:colcon.colcon_core.event_handler.log_command:Invoking command in '/home/orangepi/ros_ws/src/build/px4_ros_com': AMENT_PREFIX_PATH=/home/orangepi/ros_ws/src/install/px4_msgs:${AMENT_PREFIX_PATH} CMAKE_PREFIX_PATH=/home/orangepi/ros_ws/src/install/px4_msgs:/home/orangepi/ros_ws/install/slam_cartographer:/home/orangepi/ros_ws/install/oradar_lidar:/home/orangepi/install/slam_cartographer:/home/orangepi/install/oradar_lidar:/opt/ros/humble LD_LIBRARY_PATH=/home/orangepi/ros_ws/src/install/px4_msgs/lib:${LD_LIBRARY_PATH} PYTHONPATH=/home/orangepi/ros_ws/src/install/px4_msgs/local/lib/python3.10/dist-packages:${PYTHONPATH} /usr/bin/cmake /home/orangepi/ros_ws/src/px4_ros_com -DCMAKE_INSTALL_PREFIX=/home/orangepi/ros_ws/src/install/px4_ros_com
[3.778s] DEBUG:colcon.colcon_core.event_handler.log_command:Invoked command in '/home/orangepi/ros_ws/src/build/px4_ros_com' returned '0': AMENT_PREFIX_PATH=/home/orangepi/ros_ws/src/install/px4_msgs:${AMENT_PREFIX_PATH} CMAKE_PREFIX_PATH=/home/orangepi/ros_ws/src/install/px4_msgs:/home/orangepi/ros_ws/install/slam_cartographer:/home/orangepi/ros_ws/install/oradar_lidar:/home/orangepi/install/slam_cartographer:/home/orangepi/install/oradar_lidar:/opt/ros/humble LD_LIBRARY_PATH=/home/orangepi/ros_ws/src/install/px4_msgs/lib:${LD_LIBRARY_PATH} PYTHONPATH=/home/orangepi/ros_ws/src/install/px4_msgs/local/lib/python3.10/dist-packages:${PYTHONPATH} /usr/bin/cmake /home/orangepi/ros_ws/src/px4_ros_com -DCMAKE_INSTALL_PREFIX=/home/orangepi/ros_ws/src/install/px4_ros_com
[3.784s] DEBUG:colcon.colcon_core.event_handler.log_command:Invoking command in '/home/orangepi/ros_ws/src/build/px4_ros_com': AMENT_PREFIX_PATH=/home/orangepi/ros_ws/src/install/px4_msgs:${AMENT_PREFIX_PATH} CMAKE_PREFIX_PATH=/home/orangepi/ros_ws/src/install/px4_msgs:/home/orangepi/ros_ws/install/slam_cartographer:/home/orangepi/ros_ws/install/oradar_lidar:/home/orangepi/install/slam_cartographer:/home/orangepi/install/oradar_lidar:/opt/ros/humble LD_LIBRARY_PATH=/home/orangepi/ros_ws/src/install/px4_msgs/lib:${LD_LIBRARY_PATH} PYTHONPATH=/home/orangepi/ros_ws/src/install/px4_msgs/local/lib/python3.10/dist-packages:${PYTHONPATH} /usr/bin/cmake --build /home/orangepi/ros_ws/src/build/px4_ros_com -- -j8 -l8
[23.578s] DEBUG:colcon.colcon_core.event_handler.log_command:Invoked command in '/home/orangepi/ros_ws/src/build/px4_ros_com' returned '0': AMENT_PREFIX_PATH=/home/orangepi/ros_ws/src/install/px4_msgs:${AMENT_PREFIX_PATH} CMAKE_PREFIX_PATH=/home/orangepi/ros_ws/src/install/px4_msgs:/home/orangepi/ros_ws/install/slam_cartographer:/home/orangepi/ros_ws/install/oradar_lidar:/home/orangepi/install/slam_cartographer:/home/orangepi/install/oradar_lidar:/opt/ros/humble LD_LIBRARY_PATH=/home/orangepi/ros_ws/src/install/px4_msgs/lib:${LD_LIBRARY_PATH} PYTHONPATH=/home/orangepi/ros_ws/src/install/px4_msgs/local/lib/python3.10/dist-packages:${PYTHONPATH} /usr/bin/cmake --build /home/orangepi/ros_ws/src/build/px4_ros_com -- -j8 -l8
[23.612s] DEBUG:colcon.colcon_core.event_handler.log_command:Invoking command in '/home/orangepi/ros_ws/src/build/px4_ros_com': AMENT_PREFIX_PATH=/home/orangepi/ros_ws/src/install/px4_msgs:${AMENT_PREFIX_PATH} CMAKE_PREFIX_PATH=/home/orangepi/ros_ws/src/install/px4_msgs:/home/orangepi/ros_ws/install/slam_cartographer:/home/orangepi/ros_ws/install/oradar_lidar:/home/orangepi/install/slam_cartographer:/home/orangepi/install/oradar_lidar:/opt/ros/humble LD_LIBRARY_PATH=/home/orangepi/ros_ws/src/install/px4_msgs/lib:${LD_LIBRARY_PATH} PYTHONPATH=/home/orangepi/ros_ws/src/install/px4_msgs/local/lib/python3.10/dist-packages:${PYTHONPATH} /usr/bin/cmake --install /home/orangepi/ros_ws/src/build/px4_ros_com
[23.781s] Level 1:colcon.colcon_core.environment:create_environment_scripts_only(px4_ros_com)
[23.783s] DEBUG:colcon.colcon_core.event_handler.log_command:Invoked command in '/home/orangepi/ros_ws/src/build/px4_ros_com' returned '0': AMENT_PREFIX_PATH=/home/orangepi/ros_ws/src/install/px4_msgs:${AMENT_PREFIX_PATH} CMAKE_PREFIX_PATH=/home/orangepi/ros_ws/src/install/px4_msgs:/home/orangepi/ros_ws/install/slam_cartographer:/home/orangepi/ros_ws/install/oradar_lidar:/home/orangepi/install/slam_cartographer:/home/orangepi/install/oradar_lidar:/opt/ros/humble LD_LIBRARY_PATH=/home/orangepi/ros_ws/src/install/px4_msgs/lib:${LD_LIBRARY_PATH} PYTHONPATH=/home/orangepi/ros_ws/src/install/px4_msgs/local/lib/python3.10/dist-packages:${PYTHONPATH} /usr/bin/cmake --install /home/orangepi/ros_ws/src/build/px4_ros_com
[23.791s] Level 1:colcon.colcon_core.environment:checking '/home/orangepi/ros_ws/src/install/px4_ros_com' for CMake module files
[23.794s] Level 1:colcon.colcon_core.environment:checking '/home/orangepi/ros_ws/src/install/px4_ros_com' for CMake config files
[23.796s] Level 1:colcon.colcon_core.shell:create_environment_hook('px4_ros_com', 'cmake_prefix_path')
[23.797s] INFO:colcon.colcon_core.shell:Creating environment hook '/home/orangepi/ros_ws/src/install/px4_ros_com/share/px4_ros_com/hook/cmake_prefix_path.ps1'
[23.799s] INFO:colcon.colcon_core.shell:Creating environment descriptor '/home/orangepi/ros_ws/src/install/px4_ros_com/share/px4_ros_com/hook/cmake_prefix_path.dsv'
[23.800s] INFO:colcon.colcon_core.shell:Creating environment hook '/home/orangepi/ros_ws/src/install/px4_ros_com/share/px4_ros_com/hook/cmake_prefix_path.sh'
[23.804s] Level 1:colcon.colcon_core.environment:checking '/home/orangepi/ros_ws/src/install/px4_ros_com/lib'
[23.805s] Level 1:colcon.colcon_core.shell:create_environment_hook('px4_ros_com', 'ld_library_path_lib')
[23.806s] INFO:colcon.colcon_core.shell:Creating environment hook '/home/orangepi/ros_ws/src/install/px4_ros_com/share/px4_ros_com/hook/ld_library_path_lib.ps1'
[23.807s] INFO:colcon.colcon_core.shell:Creating environment descriptor '/home/orangepi/ros_ws/src/install/px4_ros_com/share/px4_ros_com/hook/ld_library_path_lib.dsv'
[23.808s] INFO:colcon.colcon_core.shell:Creating environment hook '/home/orangepi/ros_ws/src/install/px4_ros_com/share/px4_ros_com/hook/ld_library_path_lib.sh'
[23.809s] Level 1:colcon.colcon_core.environment:checking '/home/orangepi/ros_ws/src/install/px4_ros_com/bin'
[23.809s] Level 1:colcon.colcon_core.environment:checking '/home/orangepi/ros_ws/src/install/px4_ros_com/lib/pkgconfig/px4_ros_com.pc'
[23.816s] Level 1:colcon.colcon_core.environment:checking '/home/orangepi/ros_ws/src/install/px4_ros_com/lib/python3.10/site-packages'
[23.817s] Level 1:colcon.colcon_core.environment:checking '/home/orangepi/ros_ws/src/install/px4_ros_com/bin'
[23.818s] INFO:colcon.colcon_core.shell:Creating package script '/home/orangepi/ros_ws/src/install/px4_ros_com/share/px4_ros_com/package.ps1'
[23.822s] INFO:colcon.colcon_core.shell:Creating package descriptor '/home/orangepi/ros_ws/src/install/px4_ros_com/share/px4_ros_com/package.dsv'
[23.824s] INFO:colcon.colcon_core.shell:Creating package script '/home/orangepi/ros_ws/src/install/px4_ros_com/share/px4_ros_com/package.sh'
[23.828s] INFO:colcon.colcon_core.shell:Creating package script '/home/orangepi/ros_ws/src/install/px4_ros_com/share/px4_ros_com/package.bash'
[23.830s] INFO:colcon.colcon_core.shell:Creating package script '/home/orangepi/ros_ws/src/install/px4_ros_com/share/px4_ros_com/package.zsh'
[23.831s] Level 1:colcon.colcon_core.environment:create_file_with_runtime_dependencies(/home/orangepi/ros_ws/src/install/px4_ros_com/share/colcon-core/packages/px4_ros_com)
[23.834s] Level 1:colcon.colcon_core.environment:create_environment_scripts_only(px4_ros_com)
[23.834s] Level 1:colcon.colcon_core.environment:checking '/home/orangepi/ros_ws/src/install/px4_ros_com' for CMake module files
[23.836s] Level 1:colcon.colcon_core.environment:checking '/home/orangepi/ros_ws/src/install/px4_ros_com' for CMake config files
[23.837s] Level 1:colcon.colcon_core.shell:create_environment_hook('px4_ros_com', 'cmake_prefix_path')
[23.838s] INFO:colcon.colcon_core.shell:Creating environment hook '/home/orangepi/ros_ws/src/install/px4_ros_com/share/px4_ros_com/hook/cmake_prefix_path.ps1'
[23.838s] INFO:colcon.colcon_core.shell:Creating environment descriptor '/home/orangepi/ros_ws/src/install/px4_ros_com/share/px4_ros_com/hook/cmake_prefix_path.dsv'
[23.839s] INFO:colcon.colcon_core.shell:Creating environment hook '/home/orangepi/ros_ws/src/install/px4_ros_com/share/px4_ros_com/hook/cmake_prefix_path.sh'
[23.840s] Level 1:colcon.colcon_core.environment:checking '/home/orangepi/ros_ws/src/install/px4_ros_com/lib'
[23.840s] Level 1:colcon.colcon_core.shell:create_environment_hook('px4_ros_com', 'ld_library_path_lib')
[23.841s] INFO:colcon.colcon_core.shell:Creating environment hook '/home/orangepi/ros_ws/src/install/px4_ros_com/share/px4_ros_com/hook/ld_library_path_lib.ps1'
[23.841s] INFO:colcon.colcon_core.shell:Creating environment descriptor '/home/orangepi/ros_ws/src/install/px4_ros_com/share/px4_ros_com/hook/ld_library_path_lib.dsv'
[23.842s] INFO:colcon.colcon_core.shell:Creating environment hook '/home/orangepi/ros_ws/src/install/px4_ros_com/share/px4_ros_com/hook/ld_library_path_lib.sh'
[23.842s] Level 1:colcon.colcon_core.environment:checking '/home/orangepi/ros_ws/src/install/px4_ros_com/bin'
[23.843s] Level 1:colcon.colcon_core.environment:checking '/home/orangepi/ros_ws/src/install/px4_ros_com/lib/pkgconfig/px4_ros_com.pc'
[23.843s] Level 1:colcon.colcon_core.environment:checking '/home/orangepi/ros_ws/src/install/px4_ros_com/lib/python3.10/site-packages'
[23.843s] Level 1:colcon.colcon_core.environment:checking '/home/orangepi/ros_ws/src/install/px4_ros_com/bin'
[23.844s] INFO:colcon.colcon_core.shell:Creating package script '/home/orangepi/ros_ws/src/install/px4_ros_com/share/px4_ros_com/package.ps1'
[23.844s] INFO:colcon.colcon_core.shell:Creating package descriptor '/home/orangepi/ros_ws/src/install/px4_ros_com/share/px4_ros_com/package.dsv'
[23.845s] INFO:colcon.colcon_core.shell:Creating package script '/home/orangepi/ros_ws/src/install/px4_ros_com/share/px4_ros_com/package.sh'
[23.846s] INFO:colcon.colcon_core.shell:Creating package script '/home/orangepi/ros_ws/src/install/px4_ros_com/share/px4_ros_com/package.bash'
[23.846s] INFO:colcon.colcon_core.shell:Creating package script '/home/orangepi/ros_ws/src/install/px4_ros_com/share/px4_ros_com/package.zsh'
[23.847s] Level 1:colcon.colcon_core.environment:create_file_with_runtime_dependencies(/home/orangepi/ros_ws/src/install/px4_ros_com/share/colcon-core/packages/px4_ros_com)
[23.847s] DEBUG:colcon.colcon_parallel_executor.executor.parallel:closing loop
[23.848s] DEBUG:colcon.colcon_parallel_executor.executor.parallel:loop closed
[23.848s] DEBUG:colcon.colcon_parallel_executor.executor.parallel:run_until_complete finished with '0'
[23.848s] DEBUG:colcon.colcon_core.event_reactor:joining thread
[23.869s] INFO:colcon.colcon_core.plugin_system:Skipping extension 'colcon_notification.desktop_notification.terminal_notifier': Not used on non-Darwin systems
[23.869s] INFO:colcon.colcon_core.plugin_system:Skipping extension 'colcon_notification.desktop_notification.win32': Not used on non-Windows systems
[23.870s] INFO:colcon.colcon_notification.desktop_notification:Sending desktop notification using 'notify2'
[23.888s] DEBUG:colcon.colcon_core.event_reactor:joined thread
[23.889s] INFO:colcon.colcon_core.shell:Creating prefix script '/home/orangepi/ros_ws/src/install/local_setup.ps1'
[23.891s] INFO:colcon.colcon_core.shell:Creating prefix util module '/home/orangepi/ros_ws/src/install/_local_setup_util_ps1.py'
[23.895s] INFO:colcon.colcon_core.shell:Creating prefix chain script '/home/orangepi/ros_ws/src/install/setup.ps1'
[23.899s] INFO:colcon.colcon_core.shell:Creating prefix script '/home/orangepi/ros_ws/src/install/local_setup.sh'
[23.901s] INFO:colcon.colcon_core.shell:Creating prefix util module '/home/orangepi/ros_ws/src/install/_local_setup_util_sh.py'
[23.902s] INFO:colcon.colcon_core.shell:Creating prefix chain script '/home/orangepi/ros_ws/src/install/setup.sh'
[23.905s] INFO:colcon.colcon_core.shell:Creating prefix script '/home/orangepi/ros_ws/src/install/local_setup.bash'
[23.906s] INFO:colcon.colcon_core.shell:Creating prefix chain script '/home/orangepi/ros_ws/src/install/setup.bash'
[23.908s] INFO:colcon.colcon_core.shell:Creating prefix script '/home/orangepi/ros_ws/src/install/local_setup.zsh'
[23.909s] INFO:colcon.colcon_core.shell:Creating prefix chain script '/home/orangepi/ros_ws/src/install/setup.zsh'
