-- The C compiler identification is GNU 11.4.0
-- The CXX compiler identification is GNU 11.4.0
-- Detecting C compiler ABI info
-- Detecting C compiler ABI info - done
-- Check for working C compiler: /usr/bin/cc - skipped
-- Detecting C compile features
-- Detecting C compile features - done
-- Detecting CXX compiler ABI info
-- Detecting CXX compiler ABI info - done
-- Check for working CXX compiler: /usr/bin/c++ - skipped
-- Detecting CXX compile features
-- Detecting CXX compile features - done
-- Found ament_cmake: 1.3.11 (/opt/ros/humble/share/ament_cmake/cmake)
-- Found Python3: /usr/bin/python3 (found version "3.10.12") found components: Interpreter 
-- Found builtin_interfaces: 1.2.1 (/opt/ros/humble/share/builtin_interfaces/cmake)
-- Found rosidl_generator_c: 3.1.6 (/opt/ros/humble/share/rosidl_generator_c/cmake)
-- Found rosidl_adapter: 3.1.6 (/opt/ros/humble/share/rosidl_adapter/cmake)
-- Found rosidl_generator_cpp: 3.1.6 (/opt/ros/humble/share/rosidl_generator_cpp/cmake)
-- Using all available rosidl_typesupport_c: rosidl_typesupport_fastrtps_c;rosidl_typesupport_introspection_c
-- Using all available rosidl_typesupport_cpp: rosidl_typesupport_fastrtps_cpp;rosidl_typesupport_introspection_cpp
-- Found eigen3_cmake_module: 0.1.1 (/opt/ros/humble/share/eigen3_cmake_module/cmake)
-- Found Eigen3: TRUE (found version "3.4.0") 
-- Found geometry_msgs: 4.8.0 (/opt/ros/humble/share/geometry_msgs/cmake)
-- Found px4_msgs: 2.0.1 (/home/orangepi/ros_ws/src/install/px4_msgs/share/px4_msgs/cmake)
-- Found rclcpp: 16.0.12 (/opt/ros/humble/share/rclcpp/cmake)
-- Found rmw_implementation_cmake: 6.1.2 (/opt/ros/humble/share/rmw_implementation_cmake/cmake)
-- Found rmw_fastrtps_cpp: 6.2.7 (/opt/ros/humble/share/rmw_fastrtps_cpp/cmake)
-- Found OpenSSL: /usr/lib/aarch64-linux-gnu/libcrypto.so (found version "3.0.2")  
-- Found FastRTPS: /opt/ros/humble/include  
-- Using RMW implementation 'rmw_fastrtps_cpp' as default
-- Looking for pthread.h
-- Looking for pthread.h - found
-- Performing Test CMAKE_HAVE_LIBC_PTHREAD
-- Performing Test CMAKE_HAVE_LIBC_PTHREAD - Success
-- Found Threads: TRUE  
-- Found sensor_msgs: 4.8.0 (/opt/ros/humble/share/sensor_msgs/cmake)
-- Found rclpy: 3.3.16 (/opt/ros/humble/share/rclpy/cmake)
-- Found ament_lint_auto: 0.12.12 (/opt/ros/humble/share/ament_lint_auto/cmake)
-- Added test 'copyright' to check source files copyright and LICENSE
-- Added test 'cppcheck' to perform static code analysis on C / C++ code
-- Configured cppcheck include dirs: /home/orangepi/ros_ws/src/px4_ros_com/include;$<BUILD_INTERFACE:/home/orangepi/ros_ws/src/px4_ros_com/include/px4_ros_com>
-- Configured cppcheck exclude dirs and/or files: 
-- Added test 'cpplint' to check C / C++ code against the Google style
-- Configured cpplint exclude dirs and/or files: 
-- Added test 'flake8' to check Python code syntax and style conventions
-- Added test 'lint_cmake' to check CMake code style
-- Added test 'pep257' to check Python code against some of the docstring style conventions in PEP 257
-- Added test 'uncrustify' to check C / C++ code style
-- Configured uncrustify additional arguments: 
-- Added test 'xmllint' to check XML markup files
-- Configuring done
-- Generating done
-- Build files have been written to: /home/orangepi/ros_ws/src/build/px4_ros_com
[ 25%] [32mBuilding CXX object CMakeFiles/frame_transforms.dir/src/lib/frame_transforms.cpp.o[0m
[ 25%] [32mBuilding CXX object CMakeFiles/offboard_control_srv.dir/src/examples/offboard/offboard_control_srv.cpp.o[0m
[ 25%] [32mBuilding CXX object CMakeFiles/debug_vect_advertiser.dir/src/examples/advertisers/debug_vect_advertiser.cpp.o[0m
[ 33%] [32mBuilding CXX object CMakeFiles/vehicle_gps_position_listener.dir/src/examples/listeners/vehicle_gps_position_listener.cpp.o[0m
[ 41%] [32mBuilding CXX object CMakeFiles/sensor_combined_listener.dir/src/examples/listeners/sensor_combined_listener.cpp.o[0m
[ 50%] [32mBuilding CXX object CMakeFiles/offboard_control.dir/src/examples/offboard/offboard_control.cpp.o[0m
[ 50%] Built target ament_cmake_python_copy_px4_ros_com
running egg_info
creating px4_ros_com.egg-info
writing px4_ros_com.egg-info/PKG-INFO
writing dependency_links to px4_ros_com.egg-info/dependency_links.txt
writing top-level names to px4_ros_com.egg-info/top_level.txt
writing manifest file 'px4_ros_com.egg-info/SOURCES.txt'
reading manifest file 'px4_ros_com.egg-info/SOURCES.txt'
writing manifest file 'px4_ros_com.egg-info/SOURCES.txt'
[ 50%] Built target ament_cmake_python_build_px4_ros_com_egg
In file included from [01m[K/usr/include/eigen3/Eigen/Core:214[m[K,
                 from [01m[K/usr/include/eigen3/Eigen/Dense:1[m[K,
                 from [01m[K/usr/include/eigen3/Eigen/Eigen:1[m[K,
                 from [01m[K/home/orangepi/ros_ws/src/px4_ros_com/include/px4_ros_com/frame_transforms.h:45[m[K,
                 from [01m[K/home/orangepi/ros_ws/src/px4_ros_com/src/lib/frame_transforms.cpp:41[m[K:
[01m[K/usr/include/eigen3/Eigen/src/Core/arch/NEON/PacketMath.h:[m[K In function ‘[01m[KPacket Eigen::internal::pload(const typename Eigen::internal::unpacket_traits<T>::type*) [with Packet = Eigen::internal::eigen_packet_wrapper<int, 2>; typename Eigen::internal::unpacket_traits<T>::type = signed char][m[K’:
[01m[K/usr/include/eigen3/Eigen/src/Core/arch/NEON/PacketMath.h:1671:9:[m[K [01;35m[Kwarning: [m[K‘[01m[Kvoid* memcpy(void*, const void*, size_t)[m[K’ copying an object of non-trivial type ‘[01m[KEigen::internal::Packet4c[m[K’ {aka ‘[01m[Kstruct Eigen::internal::eigen_packet_wrapper<int, 2>[m[K’} from an array of ‘[01m[Kconst int8_t[m[K’ {aka ‘[01m[Kconst signed char[m[K’} [[01;35m[K-Wclass-memaccess[m[K]
 1671 |   [01;35m[Kmemcpy(&res, from, sizeof(Packet4c))[m[K;
      |   [01;35m[K~~~~~~^~~~~~~~~~~~~~~~~~~~~~~~~~~~~~[m[K
In file included from [01m[K/usr/include/eigen3/Eigen/Core:172[m[K,
                 from [01m[K/usr/include/eigen3/Eigen/Dense:1[m[K,
                 from [01m[K/usr/include/eigen3/Eigen/Eigen:1[m[K,
                 from [01m[K/home/orangepi/ros_ws/src/px4_ros_com/include/px4_ros_com/frame_transforms.h:45[m[K,
                 from [01m[K/home/orangepi/ros_ws/src/px4_ros_com/src/lib/frame_transforms.cpp:41[m[K:
[01m[K/usr/include/eigen3/Eigen/src/Core/GenericPacketMath.h:159:8:[m[K [01;36m[Knote: [m[K‘[01m[KEigen::internal::Packet4c[m[K’ {aka ‘[01m[Kstruct Eigen::internal::eigen_packet_wrapper<int, 2>[m[K’} declared here
  159 | struct [01;36m[Keigen_packet_wrapper[m[K
      |        [01;36m[K^~~~~~~~~~~~~~~~~~~~[m[K
In file included from [01m[K/usr/include/eigen3/Eigen/Core:214[m[K,
                 from [01m[K/usr/include/eigen3/Eigen/Dense:1[m[K,
                 from [01m[K/usr/include/eigen3/Eigen/Eigen:1[m[K,
                 from [01m[K/home/orangepi/ros_ws/src/px4_ros_com/include/px4_ros_com/frame_transforms.h:45[m[K,
                 from [01m[K/home/orangepi/ros_ws/src/px4_ros_com/src/lib/frame_transforms.cpp:41[m[K:
[01m[K/usr/include/eigen3/Eigen/src/Core/arch/NEON/PacketMath.h:[m[K In function ‘[01m[KPacket Eigen::internal::ploadu(const typename Eigen::internal::unpacket_traits<T>::type*) [with Packet = Eigen::internal::eigen_packet_wrapper<int, 2>; typename Eigen::internal::unpacket_traits<T>::type = signed char][m[K’:
[01m[K/usr/include/eigen3/Eigen/src/Core/arch/NEON/PacketMath.h:1716:9:[m[K [01;35m[Kwarning: [m[K‘[01m[Kvoid* memcpy(void*, const void*, size_t)[m[K’ copying an object of non-trivial type ‘[01m[KEigen::internal::Packet4c[m[K’ {aka ‘[01m[Kstruct Eigen::internal::eigen_packet_wrapper<int, 2>[m[K’} from an array of ‘[01m[Kconst int8_t[m[K’ {aka ‘[01m[Kconst signed char[m[K’} [[01;35m[K-Wclass-memaccess[m[K]
 1716 |   [01;35m[Kmemcpy(&res, from, sizeof(Packet4c))[m[K;
      |   [01;35m[K~~~~~~^~~~~~~~~~~~~~~~~~~~~~~~~~~~~~[m[K
In file included from [01m[K/usr/include/eigen3/Eigen/Core:172[m[K,
                 from [01m[K/usr/include/eigen3/Eigen/Dense:1[m[K,
                 from [01m[K/usr/include/eigen3/Eigen/Eigen:1[m[K,
                 from [01m[K/home/orangepi/ros_ws/src/px4_ros_com/include/px4_ros_com/frame_transforms.h:45[m[K,
                 from [01m[K/home/orangepi/ros_ws/src/px4_ros_com/src/lib/frame_transforms.cpp:41[m[K:
[01m[K/usr/include/eigen3/Eigen/src/Core/GenericPacketMath.h:159:8:[m[K [01;36m[Knote: [m[K‘[01m[KEigen::internal::Packet4c[m[K’ {aka ‘[01m[Kstruct Eigen::internal::eigen_packet_wrapper<int, 2>[m[K’} declared here
  159 | struct [01;36m[Keigen_packet_wrapper[m[K
      |        [01;36m[K^~~~~~~~~~~~~~~~~~~~[m[K
[ 58%] [32m[1mLinking CXX executable debug_vect_advertiser[0m
[ 58%] Built target debug_vect_advertiser
[ 66%] [32m[1mLinking CXX executable offboard_control_srv[0m
[ 66%] Built target offboard_control_srv
[ 75%] [32m[1mLinking CXX executable offboard_control[0m
[ 83%] [32m[1mLinking CXX executable sensor_combined_listener[0m
[ 83%] Built target offboard_control
[ 91%] [32m[1mLinking CXX executable vehicle_gps_position_listener[0m
[ 91%] Built target sensor_combined_listener
[ 91%] Built target vehicle_gps_position_listener
[100%] [32m[1mLinking CXX shared library libframe_transforms.so[0m
[100%] Built target frame_transforms
-- Install configuration: ""
-- Installing: /home/orangepi/ros_ws/src/install/px4_ros_com/lib/px4_ros_com/sensor_combined_listener
-- Set runtime path of "/home/orangepi/ros_ws/src/install/px4_ros_com/lib/px4_ros_com/sensor_combined_listener" to ""
-- Installing: /home/orangepi/ros_ws/src/install/px4_ros_com/lib/px4_ros_com/vehicle_gps_position_listener
-- Set runtime path of "/home/orangepi/ros_ws/src/install/px4_ros_com/lib/px4_ros_com/vehicle_gps_position_listener" to ""
-- Installing: /home/orangepi/ros_ws/src/install/px4_ros_com/lib/px4_ros_com/debug_vect_advertiser
-- Set runtime path of "/home/orangepi/ros_ws/src/install/px4_ros_com/lib/px4_ros_com/debug_vect_advertiser" to ""
-- Installing: /home/orangepi/ros_ws/src/install/px4_ros_com/lib/px4_ros_com/offboard_control
-- Set runtime path of "/home/orangepi/ros_ws/src/install/px4_ros_com/lib/px4_ros_com/offboard_control" to ""
-- Installing: /home/orangepi/ros_ws/src/install/px4_ros_com/lib/px4_ros_com/offboard_control_srv
-- Set runtime path of "/home/orangepi/ros_ws/src/install/px4_ros_com/lib/px4_ros_com/offboard_control_srv" to ""
-- Installing: /home/orangepi/ros_ws/src/install/px4_ros_com/share/px4_ros_com/environment/library_path.sh
-- Installing: /home/orangepi/ros_ws/src/install/px4_ros_com/share/px4_ros_com/environment/library_path.dsv
-- Installing: /home/orangepi/ros_ws/src/install/px4_ros_com/include/px4_ros_com
-- Installing: /home/orangepi/ros_ws/src/install/px4_ros_com/include/px4_ros_com/frame_transforms.h
-- Installing: /home/orangepi/ros_ws/src/install/px4_ros_com/lib/libframe_transforms.so
-- Set runtime path of "/home/orangepi/ros_ws/src/install/px4_ros_com/lib/libframe_transforms.so" to ""
-- Installing: /home/orangepi/ros_ws/src/install/px4_ros_com/share/px4_ros_com//launch
-- Installing: /home/orangepi/ros_ws/src/install/px4_ros_com/share/px4_ros_com//launch/offboard_control_launch.yaml
-- Installing: /home/orangepi/ros_ws/src/install/px4_ros_com/share/px4_ros_com//launch/sensor_combined_listener.launch.py
-- Installing: /home/orangepi/ros_ws/src/install/px4_ros_com/share/px4_ros_com//test
-- Installing: /home/orangepi/ros_ws/src/install/px4_ros_com/share/px4_ros_com//test/test_input.py
-- Installing: /home/orangepi/ros_ws/src/install/px4_ros_com/share/px4_ros_com//test/pipeline_io_test.py
-- Installing: /home/orangepi/ros_ws/src/install/px4_ros_com/share/px4_ros_com//test/test_output.py
-- Installing: /home/orangepi/ros_ws/src/install/px4_ros_com/share/px4_ros_com//test/__init__.py
-- Installing: /home/orangepi/ros_ws/src/install/px4_ros_com/share/px4_ros_com/environment/pythonpath.sh
-- Installing: /home/orangepi/ros_ws/src/install/px4_ros_com/share/px4_ros_com/environment/pythonpath.dsv
-- Installing: /home/orangepi/ros_ws/src/install/px4_ros_com/local/lib/python3.10/dist-packages/px4_ros_com-0.1.0-py3.10.egg-info
-- Installing: /home/orangepi/ros_ws/src/install/px4_ros_com/local/lib/python3.10/dist-packages/px4_ros_com-0.1.0-py3.10.egg-info/top_level.txt
-- Installing: /home/orangepi/ros_ws/src/install/px4_ros_com/local/lib/python3.10/dist-packages/px4_ros_com-0.1.0-py3.10.egg-info/SOURCES.txt
-- Installing: /home/orangepi/ros_ws/src/install/px4_ros_com/local/lib/python3.10/dist-packages/px4_ros_com-0.1.0-py3.10.egg-info/dependency_links.txt
-- Installing: /home/orangepi/ros_ws/src/install/px4_ros_com/local/lib/python3.10/dist-packages/px4_ros_com-0.1.0-py3.10.egg-info/PKG-INFO
-- Installing: /home/orangepi/ros_ws/src/install/px4_ros_com/local/lib/python3.10/dist-packages/px4_ros_com
-- Installing: /home/orangepi/ros_ws/src/install/px4_ros_com/local/lib/python3.10/dist-packages/px4_ros_com/module_to_import.py
-- Installing: /home/orangepi/ros_ws/src/install/px4_ros_com/local/lib/python3.10/dist-packages/px4_ros_com/__init__.py
Listing '/home/orangepi/ros_ws/src/install/px4_ros_com/local/lib/python3.10/dist-packages/px4_ros_com'...
Compiling '/home/orangepi/ros_ws/src/install/px4_ros_com/local/lib/python3.10/dist-packages/px4_ros_com/__init__.py'...
Compiling '/home/orangepi/ros_ws/src/install/px4_ros_com/local/lib/python3.10/dist-packages/px4_ros_com/module_to_import.py'...
-- Installing: /home/orangepi/ros_ws/src/install/px4_ros_com/lib/px4_ros_com/offboard_control.py
-- Installing: /home/orangepi/ros_ws/src/install/px4_ros_com/share/ament_index/resource_index/package_run_dependencies/px4_ros_com
-- Installing: /home/orangepi/ros_ws/src/install/px4_ros_com/share/ament_index/resource_index/parent_prefix_path/px4_ros_com
-- Installing: /home/orangepi/ros_ws/src/install/px4_ros_com/share/px4_ros_com/environment/ament_prefix_path.sh
-- Installing: /home/orangepi/ros_ws/src/install/px4_ros_com/share/px4_ros_com/environment/ament_prefix_path.dsv
-- Installing: /home/orangepi/ros_ws/src/install/px4_ros_com/share/px4_ros_com/environment/path.sh
-- Installing: /home/orangepi/ros_ws/src/install/px4_ros_com/share/px4_ros_com/environment/path.dsv
-- Installing: /home/orangepi/ros_ws/src/install/px4_ros_com/share/px4_ros_com/local_setup.bash
-- Installing: /home/orangepi/ros_ws/src/install/px4_ros_com/share/px4_ros_com/local_setup.sh
-- Installing: /home/orangepi/ros_ws/src/install/px4_ros_com/share/px4_ros_com/local_setup.zsh
-- Installing: /home/orangepi/ros_ws/src/install/px4_ros_com/share/px4_ros_com/local_setup.dsv
-- Installing: /home/orangepi/ros_ws/src/install/px4_ros_com/share/px4_ros_com/package.dsv
-- Installing: /home/orangepi/ros_ws/src/install/px4_ros_com/share/ament_index/resource_index/packages/px4_ros_com
-- Installing: /home/orangepi/ros_ws/src/install/px4_ros_com/share/px4_ros_com/cmake/export_frame_transformsExport.cmake
-- Installing: /home/orangepi/ros_ws/src/install/px4_ros_com/share/px4_ros_com/cmake/export_frame_transformsExport-noconfig.cmake
-- Installing: /home/orangepi/ros_ws/src/install/px4_ros_com/share/px4_ros_com/cmake/ament_cmake_export_dependencies-extras.cmake
-- Installing: /home/orangepi/ros_ws/src/install/px4_ros_com/share/px4_ros_com/cmake/ament_cmake_export_targets-extras.cmake
-- Installing: /home/orangepi/ros_ws/src/install/px4_ros_com/share/px4_ros_com/cmake/ament_cmake_export_include_directories-extras.cmake
-- Installing: /home/orangepi/ros_ws/src/install/px4_ros_com/share/px4_ros_com/cmake/ament_cmake_export_libraries-extras.cmake
-- Installing: /home/orangepi/ros_ws/src/install/px4_ros_com/share/px4_ros_com/cmake/px4_ros_comConfig.cmake
-- Installing: /home/orangepi/ros_ws/src/install/px4_ros_com/share/px4_ros_com/cmake/px4_ros_comConfig-version.cmake
-- Installing: /home/orangepi/ros_ws/src/install/px4_ros_com/share/px4_ros_com/package.xml
