[0.151s] DEBUG:colcon:Command line arguments: ['/usr/bin/colcon', 'build', '--packages-select', 'px4_msgs']
[0.151s] DEBUG:colcon:Parsed command line arguments: Namespace(log_base=None, log_level=None, verb_name='build', build_base='build', install_base='install', merge_install=False, symlink_install=False, test_result_base=None, continue_on_error=False, executor='parallel', parallel_workers=8, event_handlers=None, ignore_user_meta=False, metas=['./colcon.meta'], base_paths=['.'], packages_ignore=None, packages_ignore_regex=None, paths=None, packages_up_to=None, packages_up_to_regex=None, packages_above=None, packages_above_and_dependencies=None, packages_above_depth=None, packages_select_by_dep=None, packages_skip_by_dep=None, packages_skip_up_to=None, packages_select_build_failed=False, packages_skip_build_finished=False, packages_select_test_failures=False, packages_skip_test_passed=False, packages_select=['px4_msgs'], packages_skip=None, packages_select_regex=None, packages_skip_regex=None, packages_start=None, packages_end=None, cmake_args=None, cmake_target=None, cmake_target_skip_unavailable=False, cmake_clean_cache=False, cmake_clean_first=False, cmake_force_configure=False, ament_cmake_args=None, catkin_cmake_args=None, catkin_skip_building_tests=False, mixin_files=None, mixin=None, verb_parser=<colcon_mixin.mixin.mixin_argument.MixinArgumentDecorator object at 0x7fa83d6e90>, verb_extension=<colcon_core.verb.build.BuildVerb object at 0x7fa8590430>, main=<bound method BuildVerb.main of <colcon_core.verb.build.BuildVerb object at 0x7fa8590430>>, mixin_verb=('build',))
[0.207s] Level 1:colcon.colcon_core.package_discovery:discover_packages(colcon_meta) check parameters
[0.208s] Level 1:colcon.colcon_core.package_discovery:discover_packages(recursive) check parameters
[0.208s] Level 1:colcon.colcon_core.package_discovery:discover_packages(ignore) check parameters
[0.208s] Level 1:colcon.colcon_core.package_discovery:discover_packages(path) check parameters
[0.208s] Level 1:colcon.colcon_core.package_discovery:discover_packages(colcon_meta) discover
[0.208s] Level 1:colcon.colcon_core.package_discovery:discover_packages(recursive) discover
[0.208s] INFO:colcon.colcon_core.package_discovery:Crawling recursively for packages in '/home/orangepi/ros_ws/src'
[0.208s] Level 1:colcon.colcon_core.package_identification:_identify(.) by extensions ['ignore', 'ignore_ament_install']
[0.208s] Level 1:colcon.colcon_core.package_identification:_identify(.) by extension 'ignore'
[0.208s] Level 1:colcon.colcon_core.package_identification:_identify(.) by extension 'ignore_ament_install'
[0.208s] Level 1:colcon.colcon_core.package_identification:_identify(.) by extensions ['colcon_pkg']
[0.208s] Level 1:colcon.colcon_core.package_identification:_identify(.) by extension 'colcon_pkg'
[0.208s] Level 1:colcon.colcon_core.package_identification:_identify(.) by extensions ['colcon_meta']
[0.208s] Level 1:colcon.colcon_core.package_identification:_identify(.) by extension 'colcon_meta'
[0.208s] Level 1:colcon.colcon_core.package_identification:_identify(.) by extensions ['ros']
[0.208s] Level 1:colcon.colcon_core.package_identification:_identify(.) by extension 'ros'
[0.229s] Level 1:colcon.colcon_core.package_identification:_identify(.) by extensions ['cmake', 'python']
[0.229s] Level 1:colcon.colcon_core.package_identification:_identify(.) by extension 'cmake'
[0.229s] Level 1:colcon.colcon_core.package_identification:_identify(.) by extension 'python'
[0.230s] Level 1:colcon.colcon_core.package_identification:_identify(.) by extensions ['python_setup_py']
[0.230s] Level 1:colcon.colcon_core.package_identification:_identify(.) by extension 'python_setup_py'
[0.230s] Level 1:colcon.colcon_core.package_identification:_identify(build) by extensions ['ignore', 'ignore_ament_install']
[0.230s] Level 1:colcon.colcon_core.package_identification:_identify(build) by extension 'ignore'
[0.230s] Level 1:colcon.colcon_core.package_identification:_identify(build) ignored
[0.230s] Level 1:colcon.colcon_core.package_identification:_identify(install) by extensions ['ignore', 'ignore_ament_install']
[0.230s] Level 1:colcon.colcon_core.package_identification:_identify(install) by extension 'ignore'
[0.230s] Level 1:colcon.colcon_core.package_identification:_identify(install) ignored
[0.230s] Level 1:colcon.colcon_core.package_identification:_identify(log) by extensions ['ignore', 'ignore_ament_install']
[0.230s] Level 1:colcon.colcon_core.package_identification:_identify(log) by extension 'ignore'
[0.231s] Level 1:colcon.colcon_core.package_identification:_identify(log) ignored
[0.231s] Level 1:colcon.colcon_core.package_identification:_identify(oradar_ros) by extensions ['ignore', 'ignore_ament_install']
[0.231s] Level 1:colcon.colcon_core.package_identification:_identify(oradar_ros) by extension 'ignore'
[0.231s] Level 1:colcon.colcon_core.package_identification:_identify(oradar_ros) by extension 'ignore_ament_install'
[0.231s] Level 1:colcon.colcon_core.package_identification:_identify(oradar_ros) by extensions ['colcon_pkg']
[0.231s] Level 1:colcon.colcon_core.package_identification:_identify(oradar_ros) by extension 'colcon_pkg'
[0.231s] Level 1:colcon.colcon_core.package_identification:_identify(oradar_ros) by extensions ['colcon_meta']
[0.231s] Level 1:colcon.colcon_core.package_identification:_identify(oradar_ros) by extension 'colcon_meta'
[0.231s] Level 1:colcon.colcon_core.package_identification:_identify(oradar_ros) by extensions ['ros']
[0.231s] Level 1:colcon.colcon_core.package_identification:_identify(oradar_ros) by extension 'ros'
[0.235s] DEBUG:colcon.colcon_core.package_identification:Package 'oradar_ros' with type 'ros.ament_cmake' and name 'oradar_lidar'
[0.235s] Level 1:colcon.colcon_core.package_identification:_identify(px4_msgs) by extensions ['ignore', 'ignore_ament_install']
[0.235s] Level 1:colcon.colcon_core.package_identification:_identify(px4_msgs) by extension 'ignore'
[0.235s] Level 1:colcon.colcon_core.package_identification:_identify(px4_msgs) by extension 'ignore_ament_install'
[0.235s] Level 1:colcon.colcon_core.package_identification:_identify(px4_msgs) by extensions ['colcon_pkg']
[0.235s] Level 1:colcon.colcon_core.package_identification:_identify(px4_msgs) by extension 'colcon_pkg'
[0.235s] Level 1:colcon.colcon_core.package_identification:_identify(px4_msgs) by extensions ['colcon_meta']
[0.235s] Level 1:colcon.colcon_core.package_identification:_identify(px4_msgs) by extension 'colcon_meta'
[0.235s] Level 1:colcon.colcon_core.package_identification:_identify(px4_msgs) by extensions ['ros']
[0.235s] Level 1:colcon.colcon_core.package_identification:_identify(px4_msgs) by extension 'ros'
[0.236s] DEBUG:colcon.colcon_core.package_identification:Package 'px4_msgs' with type 'ros.ament_cmake' and name 'px4_msgs'
[0.236s] Level 1:colcon.colcon_core.package_identification:_identify(px4_ros_com) by extensions ['ignore', 'ignore_ament_install']
[0.236s] Level 1:colcon.colcon_core.package_identification:_identify(px4_ros_com) by extension 'ignore'
[0.236s] Level 1:colcon.colcon_core.package_identification:_identify(px4_ros_com) by extension 'ignore_ament_install'
[0.237s] Level 1:colcon.colcon_core.package_identification:_identify(px4_ros_com) by extensions ['colcon_pkg']
[0.237s] Level 1:colcon.colcon_core.package_identification:_identify(px4_ros_com) by extension 'colcon_pkg'
[0.237s] Level 1:colcon.colcon_core.package_identification:_identify(px4_ros_com) by extensions ['colcon_meta']
[0.237s] Level 1:colcon.colcon_core.package_identification:_identify(px4_ros_com) by extension 'colcon_meta'
[0.237s] Level 1:colcon.colcon_core.package_identification:_identify(px4_ros_com) by extensions ['ros']
[0.237s] Level 1:colcon.colcon_core.package_identification:_identify(px4_ros_com) by extension 'ros'
[0.238s] DEBUG:colcon.colcon_core.package_identification:Package 'px4_ros_com' with type 'ros.ament_cmake' and name 'px4_ros_com'
[0.238s] Level 1:colcon.colcon_core.package_identification:_identify(slam_cartographer) by extensions ['ignore', 'ignore_ament_install']
[0.239s] Level 1:colcon.colcon_core.package_identification:_identify(slam_cartographer) by extension 'ignore'
[0.239s] Level 1:colcon.colcon_core.package_identification:_identify(slam_cartographer) by extension 'ignore_ament_install'
[0.239s] Level 1:colcon.colcon_core.package_identification:_identify(slam_cartographer) by extensions ['colcon_pkg']
[0.239s] Level 1:colcon.colcon_core.package_identification:_identify(slam_cartographer) by extension 'colcon_pkg'
[0.239s] Level 1:colcon.colcon_core.package_identification:_identify(slam_cartographer) by extensions ['colcon_meta']
[0.239s] Level 1:colcon.colcon_core.package_identification:_identify(slam_cartographer) by extension 'colcon_meta'
[0.239s] Level 1:colcon.colcon_core.package_identification:_identify(slam_cartographer) by extensions ['ros']
[0.239s] Level 1:colcon.colcon_core.package_identification:_identify(slam_cartographer) by extension 'ros'
[0.239s] DEBUG:colcon.colcon_core.package_identification:Package 'slam_cartographer' with type 'ros.ament_cmake' and name 'slam_cartographer'
[0.240s] Level 1:colcon.colcon_core.package_discovery:discover_packages(recursive) using defaults
[0.240s] Level 1:colcon.colcon_core.package_discovery:discover_packages(ignore) discover
[0.240s] Level 1:colcon.colcon_core.package_discovery:discover_packages(ignore) using defaults
[0.240s] Level 1:colcon.colcon_core.package_discovery:discover_packages(path) discover
[0.240s] Level 1:colcon.colcon_core.package_discovery:discover_packages(path) using defaults
[0.270s] INFO:colcon.colcon_core.package_selection:Skipping not selected package 'oradar_lidar' in 'oradar_ros'
[0.270s] INFO:colcon.colcon_core.package_selection:Skipping not selected package 'slam_cartographer' in 'slam_cartographer'
[0.270s] INFO:colcon.colcon_core.package_selection:Skipping not selected package 'px4_ros_com' in 'px4_ros_com'
[0.270s] Level 5:colcon.colcon_core.verb:set package 'px4_msgs' build argument 'cmake_args' from command line to 'None'
[0.270s] Level 5:colcon.colcon_core.verb:set package 'px4_msgs' build argument 'cmake_target' from command line to 'None'
[0.270s] Level 5:colcon.colcon_core.verb:set package 'px4_msgs' build argument 'cmake_target_skip_unavailable' from command line to 'False'
[0.270s] Level 5:colcon.colcon_core.verb:set package 'px4_msgs' build argument 'cmake_clean_cache' from command line to 'False'
[0.270s] Level 5:colcon.colcon_core.verb:set package 'px4_msgs' build argument 'cmake_clean_first' from command line to 'False'
[0.270s] Level 5:colcon.colcon_core.verb:set package 'px4_msgs' build argument 'cmake_force_configure' from command line to 'False'
[0.270s] Level 5:colcon.colcon_core.verb:set package 'px4_msgs' build argument 'ament_cmake_args' from command line to 'None'
[0.270s] Level 5:colcon.colcon_core.verb:set package 'px4_msgs' build argument 'catkin_cmake_args' from command line to 'None'
[0.271s] Level 5:colcon.colcon_core.verb:set package 'px4_msgs' build argument 'catkin_skip_building_tests' from command line to 'False'
[0.271s] DEBUG:colcon.colcon_core.verb:Building package 'px4_msgs' with the following arguments: {'ament_cmake_args': None, 'build_base': '/home/orangepi/ros_ws/src/build/px4_msgs', 'catkin_cmake_args': None, 'catkin_skip_building_tests': False, 'cmake_args': None, 'cmake_clean_cache': False, 'cmake_clean_first': False, 'cmake_force_configure': False, 'cmake_target': None, 'cmake_target_skip_unavailable': False, 'install_base': '/home/orangepi/ros_ws/src/install/px4_msgs', 'merge_install': False, 'path': '/home/orangepi/ros_ws/src/px4_msgs', 'symlink_install': False, 'test_result_base': None}
[0.271s] INFO:colcon.colcon_core.executor:Executing jobs using 'parallel' executor
[0.272s] DEBUG:colcon.colcon_parallel_executor.executor.parallel:run_until_complete
[0.273s] INFO:colcon.colcon_ros.task.ament_cmake.build:Building ROS package in '/home/orangepi/ros_ws/src/px4_msgs' with build type 'ament_cmake'
[0.273s] INFO:colcon.colcon_cmake.task.cmake.build:Building CMake package in '/home/orangepi/ros_ws/src/px4_msgs'
[0.277s] INFO:colcon.colcon_core.plugin_system:Skipping extension 'colcon_core.shell.bat': Not used on non-Windows systems
[0.277s] INFO:colcon.colcon_core.shell:Skip shell extension 'powershell' for command environment: Not usable outside of PowerShell
[0.277s] DEBUG:colcon.colcon_core.shell:Skip shell extension 'dsv' for command environment
[0.297s] DEBUG:colcon.colcon_core.event_handler.log_command:Invoking command in '/home/orangepi/ros_ws/src/build/px4_msgs': CMAKE_PREFIX_PATH=${CMAKE_PREFIX_PATH}:/opt/ros/humble /usr/bin/cmake --build /home/orangepi/ros_ws/src/build/px4_msgs -- -j8 -l8
[289.805s] DEBUG:colcon.colcon_core.event_handler.log_command:Invoked command in '/home/orangepi/ros_ws/src/build/px4_msgs' returned '0': CMAKE_PREFIX_PATH=${CMAKE_PREFIX_PATH}:/opt/ros/humble /usr/bin/cmake --build /home/orangepi/ros_ws/src/build/px4_msgs -- -j8 -l8
[289.842s] DEBUG:colcon.colcon_core.event_handler.log_command:Invoking command in '/home/orangepi/ros_ws/src/build/px4_msgs': CMAKE_PREFIX_PATH=${CMAKE_PREFIX_PATH}:/opt/ros/humble /usr/bin/cmake --install /home/orangepi/ros_ws/src/build/px4_msgs
[291.383s] Level 1:colcon.colcon_core.environment:create_environment_scripts_only(px4_msgs)
[291.386s] DEBUG:colcon.colcon_core.event_handler.log_command:Invoked command in '/home/orangepi/ros_ws/src/build/px4_msgs' returned '0': CMAKE_PREFIX_PATH=${CMAKE_PREFIX_PATH}:/opt/ros/humble /usr/bin/cmake --install /home/orangepi/ros_ws/src/build/px4_msgs
[291.396s] Level 1:colcon.colcon_core.environment:checking '/home/orangepi/ros_ws/src/install/px4_msgs' for CMake module files
[291.401s] Level 1:colcon.colcon_core.environment:checking '/home/orangepi/ros_ws/src/install/px4_msgs' for CMake config files
[291.427s] Level 1:colcon.colcon_core.shell:create_environment_hook('px4_msgs', 'cmake_prefix_path')
[291.428s] INFO:colcon.colcon_core.shell:Creating environment hook '/home/orangepi/ros_ws/src/install/px4_msgs/share/px4_msgs/hook/cmake_prefix_path.ps1'
[291.431s] INFO:colcon.colcon_core.shell:Creating environment descriptor '/home/orangepi/ros_ws/src/install/px4_msgs/share/px4_msgs/hook/cmake_prefix_path.dsv'
[291.433s] INFO:colcon.colcon_core.shell:Creating environment hook '/home/orangepi/ros_ws/src/install/px4_msgs/share/px4_msgs/hook/cmake_prefix_path.sh'
[291.437s] Level 1:colcon.colcon_core.environment:checking '/home/orangepi/ros_ws/src/install/px4_msgs/lib'
[291.438s] Level 1:colcon.colcon_core.shell:create_environment_hook('px4_msgs', 'ld_library_path_lib')
[291.439s] INFO:colcon.colcon_core.shell:Creating environment hook '/home/orangepi/ros_ws/src/install/px4_msgs/share/px4_msgs/hook/ld_library_path_lib.ps1'
[291.440s] INFO:colcon.colcon_core.shell:Creating environment descriptor '/home/orangepi/ros_ws/src/install/px4_msgs/share/px4_msgs/hook/ld_library_path_lib.dsv'
[291.441s] INFO:colcon.colcon_core.shell:Creating environment hook '/home/orangepi/ros_ws/src/install/px4_msgs/share/px4_msgs/hook/ld_library_path_lib.sh'
[291.442s] Level 1:colcon.colcon_core.environment:checking '/home/orangepi/ros_ws/src/install/px4_msgs/bin'
[291.442s] Level 1:colcon.colcon_core.environment:checking '/home/orangepi/ros_ws/src/install/px4_msgs/lib/pkgconfig/px4_msgs.pc'
[291.448s] Level 1:colcon.colcon_core.environment:checking '/home/orangepi/ros_ws/src/install/px4_msgs/lib/python3.10/site-packages'
[291.448s] Level 1:colcon.colcon_core.environment:checking '/home/orangepi/ros_ws/src/install/px4_msgs/bin'
[291.450s] INFO:colcon.colcon_core.shell:Creating package script '/home/orangepi/ros_ws/src/install/px4_msgs/share/px4_msgs/package.ps1'
[291.452s] INFO:colcon.colcon_core.shell:Creating package descriptor '/home/orangepi/ros_ws/src/install/px4_msgs/share/px4_msgs/package.dsv'
[291.455s] INFO:colcon.colcon_core.shell:Creating package script '/home/orangepi/ros_ws/src/install/px4_msgs/share/px4_msgs/package.sh'
[291.456s] INFO:colcon.colcon_core.shell:Creating package script '/home/orangepi/ros_ws/src/install/px4_msgs/share/px4_msgs/package.bash'
[291.457s] INFO:colcon.colcon_core.shell:Creating package script '/home/orangepi/ros_ws/src/install/px4_msgs/share/px4_msgs/package.zsh'
[291.458s] Level 1:colcon.colcon_core.environment:create_file_with_runtime_dependencies(/home/orangepi/ros_ws/src/install/px4_msgs/share/colcon-core/packages/px4_msgs)
[291.459s] Level 1:colcon.colcon_core.environment:create_environment_scripts_only(px4_msgs)
[291.459s] Level 1:colcon.colcon_core.environment:checking '/home/orangepi/ros_ws/src/install/px4_msgs' for CMake module files
[291.460s] Level 1:colcon.colcon_core.environment:checking '/home/orangepi/ros_ws/src/install/px4_msgs' for CMake config files
[291.467s] Level 1:colcon.colcon_core.shell:create_environment_hook('px4_msgs', 'cmake_prefix_path')
[291.468s] INFO:colcon.colcon_core.shell:Creating environment hook '/home/orangepi/ros_ws/src/install/px4_msgs/share/px4_msgs/hook/cmake_prefix_path.ps1'
[291.468s] INFO:colcon.colcon_core.shell:Creating environment descriptor '/home/orangepi/ros_ws/src/install/px4_msgs/share/px4_msgs/hook/cmake_prefix_path.dsv'
[291.469s] INFO:colcon.colcon_core.shell:Creating environment hook '/home/orangepi/ros_ws/src/install/px4_msgs/share/px4_msgs/hook/cmake_prefix_path.sh'
[291.469s] Level 1:colcon.colcon_core.environment:checking '/home/orangepi/ros_ws/src/install/px4_msgs/lib'
[291.469s] Level 1:colcon.colcon_core.shell:create_environment_hook('px4_msgs', 'ld_library_path_lib')
[291.470s] INFO:colcon.colcon_core.shell:Creating environment hook '/home/orangepi/ros_ws/src/install/px4_msgs/share/px4_msgs/hook/ld_library_path_lib.ps1'
[291.470s] INFO:colcon.colcon_core.shell:Creating environment descriptor '/home/orangepi/ros_ws/src/install/px4_msgs/share/px4_msgs/hook/ld_library_path_lib.dsv'
[291.471s] INFO:colcon.colcon_core.shell:Creating environment hook '/home/orangepi/ros_ws/src/install/px4_msgs/share/px4_msgs/hook/ld_library_path_lib.sh'
[291.471s] Level 1:colcon.colcon_core.environment:checking '/home/orangepi/ros_ws/src/install/px4_msgs/bin'
[291.471s] Level 1:colcon.colcon_core.environment:checking '/home/orangepi/ros_ws/src/install/px4_msgs/lib/pkgconfig/px4_msgs.pc'
[291.471s] Level 1:colcon.colcon_core.environment:checking '/home/orangepi/ros_ws/src/install/px4_msgs/lib/python3.10/site-packages'
[291.472s] Level 1:colcon.colcon_core.environment:checking '/home/orangepi/ros_ws/src/install/px4_msgs/bin'
[291.472s] INFO:colcon.colcon_core.shell:Creating package script '/home/orangepi/ros_ws/src/install/px4_msgs/share/px4_msgs/package.ps1'
[291.473s] INFO:colcon.colcon_core.shell:Creating package descriptor '/home/orangepi/ros_ws/src/install/px4_msgs/share/px4_msgs/package.dsv'
[291.473s] INFO:colcon.colcon_core.shell:Creating package script '/home/orangepi/ros_ws/src/install/px4_msgs/share/px4_msgs/package.sh'
[291.474s] INFO:colcon.colcon_core.shell:Creating package script '/home/orangepi/ros_ws/src/install/px4_msgs/share/px4_msgs/package.bash'
[291.474s] INFO:colcon.colcon_core.shell:Creating package script '/home/orangepi/ros_ws/src/install/px4_msgs/share/px4_msgs/package.zsh'
[291.475s] Level 1:colcon.colcon_core.environment:create_file_with_runtime_dependencies(/home/orangepi/ros_ws/src/install/px4_msgs/share/colcon-core/packages/px4_msgs)
[291.475s] DEBUG:colcon.colcon_parallel_executor.executor.parallel:closing loop
[291.476s] DEBUG:colcon.colcon_parallel_executor.executor.parallel:loop closed
[291.476s] DEBUG:colcon.colcon_parallel_executor.executor.parallel:run_until_complete finished with '0'
[291.476s] DEBUG:colcon.colcon_core.event_reactor:joining thread
[291.496s] INFO:colcon.colcon_core.plugin_system:Skipping extension 'colcon_notification.desktop_notification.terminal_notifier': Not used on non-Darwin systems
[291.497s] INFO:colcon.colcon_core.plugin_system:Skipping extension 'colcon_notification.desktop_notification.win32': Not used on non-Windows systems
[291.497s] INFO:colcon.colcon_notification.desktop_notification:Sending desktop notification using 'notify2'
[291.514s] DEBUG:colcon.colcon_core.event_reactor:joined thread
[291.515s] INFO:colcon.colcon_core.shell:Creating prefix script '/home/orangepi/ros_ws/src/install/local_setup.ps1'
[291.517s] INFO:colcon.colcon_core.shell:Creating prefix util module '/home/orangepi/ros_ws/src/install/_local_setup_util_ps1.py'
[291.521s] INFO:colcon.colcon_core.shell:Creating prefix chain script '/home/orangepi/ros_ws/src/install/setup.ps1'
[291.524s] INFO:colcon.colcon_core.shell:Creating prefix script '/home/orangepi/ros_ws/src/install/local_setup.sh'
[291.526s] INFO:colcon.colcon_core.shell:Creating prefix util module '/home/orangepi/ros_ws/src/install/_local_setup_util_sh.py'
[291.527s] INFO:colcon.colcon_core.shell:Creating prefix chain script '/home/orangepi/ros_ws/src/install/setup.sh'
[291.529s] INFO:colcon.colcon_core.shell:Creating prefix script '/home/orangepi/ros_ws/src/install/local_setup.bash'
[291.530s] INFO:colcon.colcon_core.shell:Creating prefix chain script '/home/orangepi/ros_ws/src/install/setup.bash'
[291.532s] INFO:colcon.colcon_core.shell:Creating prefix script '/home/orangepi/ros_ws/src/install/local_setup.zsh'
[291.533s] INFO:colcon.colcon_core.shell:Creating prefix chain script '/home/orangepi/ros_ws/src/install/setup.zsh'
